<?xml version="1.0" encoding="UTF-8"?>
<!-- Generated by org.testng.reporters.JUnitXMLReporter -->
<testsuite ignored="0" hostname="Preethika" failures="0" tests="3" name="WordPressTest" time="73.402" errors="0" timestamp="2026-02-15T08:03:17 IST">
  <testcase classname="cap.cap.Stepdef.WordPressSteps" name="verifyTitle" time="1.082"/>
  <testcase classname="cap.cap.Stepdef.WordPressSteps" name="verifyGetWordPressNavigation" time="11.899"/>
  <testcase classname="cap.cap.Stepdef.WordPressSteps" name="verifyPhotoSearch" time="22.773"/>
</testsuite> <!-- WordPressTest -->
