<?xml version="1.0" encoding="UTF-8"?>
<testng-results ignored="0" total="3" passed="3" failed="0" skipped="0">
  <reporter-output>
  </reporter-output>
  <suite started-at="2026-02-15T08:02:04 IST" name="WordPressSuite" finished-at="2026-02-15T08:03:17 IST" duration-ms="73402">
    <groups>
    </groups>
    <test started-at="2026-02-15T08:02:04 IST" name="WordPressTest" finished-at="2026-02-15T08:03:17 IST" duration-ms="73402">
      <class name="cap.cap.Stepdef.WordPressSteps">
        <test-method is-config="true" signature="setUpTest()[pri:0, instance:cap.cap.Stepdef.WordPressSteps@443118b0]" started-at="2026-02-15T08:02:04 IST" name="setUpTest" finished-at="2026-02-15T08:02:35 IST" duration-ms="31578" status="PASS">
          <reporter-output>
          </reporter-output>
        </test-method> <!-- setUpTest -->
        <test-method signature="verifyTitle()[pri:1, instance:cap.cap.Stepdef.WordPressSteps@443118b0]" started-at="2026-02-15T08:02:36 IST" name="verifyTitle" finished-at="2026-02-15T08:02:37 IST" duration-ms="1082" status="PASS">
          <reporter-output>
          </reporter-output>
        </test-method> <!-- verifyTitle -->
        <test-method signature="verifyGetWordPressNavigation()[pri:2, instance:cap.cap.Stepdef.WordPressSteps@443118b0]" started-at="2026-02-15T08:02:38 IST" name="verifyGetWordPressNavigation" finished-at="2026-02-15T08:02:50 IST" duration-ms="11899" status="PASS">
          <reporter-output>
          </reporter-output>
        </test-method> <!-- verifyGetWordPressNavigation -->
        <test-method signature="verifyPhotoSearch()[pri:3, instance:cap.cap.Stepdef.WordPressSteps@443118b0]" started-at="2026-02-15T08:02:50 IST" name="verifyPhotoSearch" finished-at="2026-02-15T08:03:12 IST" duration-ms="22773" status="PASS">
          <reporter-output>
          </reporter-output>
        </test-method> <!-- verifyPhotoSearch -->
        <test-method is-config="true" signature="tearDownTest()[pri:0, instance:cap.cap.Stepdef.WordPressSteps@443118b0]" started-at="2026-02-15T08:03:12 IST" name="tearDownTest" finished-at="2026-02-15T08:03:17 IST" duration-ms="4638" status="PASS">
          <reporter-output>
          </reporter-output>
        </test-method> <!-- tearDownTest -->
      </class> <!-- cap.cap.Stepdef.WordPressSteps -->
    </test> <!-- WordPressTest -->
  </suite> <!-- WordPressSuite -->
</testng-results>
