<?xml version="1.0" encoding="UTF-8"?>
<!-- Generated by org.testng.reporters.JUnitReportReporter -->
<testsuite hostname="Preethika" failures="0" tests="3" name="cap.cap.Stepdef.WordPressSteps" time="35.754" errors="0" timestamp="2026-02-15T08:03:17 IST" skipped="0">
  <testcase classname="cap.cap.Stepdef.WordPressSteps" name="verifyTitle" time="1.082"/>
  <testcase classname="cap.cap.Stepdef.WordPressSteps" name="verifyGetWordPressNavigation" time="11.899"/>
  <testcase classname="cap.cap.Stepdef.WordPressSteps" name="verifyPhotoSearch" time="22.773"/>
</testsuite> <!-- cap.cap.Stepdef.WordPressSteps -->
